<?xml version="1.0" encoding="UTF-8" standalone="no"?>
<testsuite failures="0" name="cucumber.runtime.formatter.JUnitFormatter" skipped="0" tests="1" time="32.592373">
<testcase classname="Create contact with examples" name="Create multiple contacts" time="32.592373">
<system-out><![CDATA[Given User is already on login page.........................................passed
When Title of login page is freeCRM.........................................passed
Then User enters username and passsword.....................................passed
Then User clicks on Login button............................................passed
Then User is on homepage....................................................passed
Then User opens the new contact page........................................passed
Then User added firstName and lastName and position and saving data.........passed
Then Close the browser......................................................passed
]]></system-out>
</testcase>
</testsuite>
